{"C:\\Users\\JuanCano\\OneDrive\\Quankey\\QK WebC\\quankey-mvp\\backend\\src\\__tests__\\setup.ts": {"path":"C:\\Users\\JuanCano\\OneDrive\\Quankey\\QK WebC\\quankey-mvp\\backend\\src\\__tests__\\setup.ts","statementMap":{"0":{"start":{"line":3,"column":0},"end":{"line":3,"column":37}},"1":{"start":{"line":6,"column":0},"end":{"line":6,"column":23}},"2":{"start":{"line":9,"column":0},"end":{"line":9,"column":30}},"3":{"start":{"line":10,"column":0},"end":{"line":10,"column":26}},"4":{"start":{"line":11,"column":0},"end":{"line":11,"column":80}},"5":{"start":{"line":14,"column":0},"end":{"line":22,"column":2}},"6":{"start":{"line":25,"column":13},"end":{"line":79,"column":2}},"7":{"start":{"line":30,"column":4},"end":{"line":34,"column":6}},"8":{"start":{"line":41,"column":18},"end":{"line":41,"column":90}},"9":{"start":{"line":42,"column":17},"end":{"line":42,"column":19}},"10":{"start":{"line":43,"column":4},"end":{"line":45,"column":5}},"11":{"start":{"line":43,"column":17},"end":{"line":43,"column":18}},"12":{"start":{"line":44,"column":6},"end":{"line":44,"column":71}},"13":{"start":{"line":46,"column":4},"end":{"line":46,"column":18}},"14":{"start":{"line":53,"column":18},"end":{"line":53,"column":35}},"15":{"start":{"line":54,"column":19},"end":{"line":54,"column":36}},"16":{"start":{"line":55,"column":19},"end":{"line":55,"column":44}},"17":{"start":{"line":56,"column":4},"end":{"line":56,"column":30}},"18":{"start":{"line":63,"column":19},"end":{"line":63,"column":35}},"19":{"start":{"line":64,"column":4},"end":{"line":64,"column":42}},"20":{"start":{"line":71,"column":18},"end":{"line":71,"column":41}},"21":{"start":{"line":72,"column":20},"end":{"line":72,"column":44}},"22":{"start":{"line":73,"column":18},"end":{"line":73,"column":43}},"23":{"start":{"line":74,"column":4},"end":{"line":77,"column":6}},"24":{"start":{"line":82,"column":13},"end":{"line":105,"column":2}},"25":{"start":{"line":85,"column":17},"end":{"line":85,"column":19}},"26":{"start":{"line":86,"column":15},"end":{"line":86,"column":20}},"27":{"start":{"line":88,"column":4},"end":{"line":91,"column":5}},"28":{"start":{"line":88,"column":17},"end":{"line":88,"column":18}},"29":{"start":{"line":89,"column":6},"end":{"line":89,"column":44}},"30":{"start":{"line":90,"column":6},"end":{"line":90,"column":28}},"31":{"start":{"line":93,"column":4},"end":{"line":93,"column":16}},"32":{"start":{"line":97,"column":4},"end":{"line":103,"column":6}},"33":{"start":{"line":108,"column":0},"end":{"line":111,"column":3}},"34":{"start":{"line":108,"column":21},"end":{"line":111,"column":2}},"35":{"start":{"line":110,"column":2},"end":{"line":110,"column":59}},"36":{"start":{"line":113,"column":0},"end":{"line":116,"column":3}},"37":{"start":{"line":113,"column":20},"end":{"line":116,"column":2}},"38":{"start":{"line":115,"column":2},"end":{"line":115,"column":44}},"39":{"start":{"line":118,"column":0},"end":{"line":122,"column":3}},"40":{"start":{"line":120,"column":2},"end":{"line":120,"column":23}},"41":{"start":{"line":121,"column":2},"end":{"line":121,"column":22}},"42":{"start":{"line":124,"column":0},"end":{"line":127,"column":3}},"43":{"start":{"line":126,"column":2},"end":{"line":126,"column":25}}},"fnMap":{"0":{"name":"(anonymous_7)","decl":{"start":{"line":29,"column":2},"end":{"line":29,"column":25}},"loc":{"start":{"line":29,"column":25},"end":{"line":35,"column":3}}},"1":{"name":"(anonymous_8)","decl":{"start":{"line":40,"column":2},"end":{"line":40,"column":18}},"loc":{"start":{"line":40,"column":38},"end":{"line":47,"column":3}}},"2":{"name":"(anonymous_9)","decl":{"start":{"line":52,"column":8},"end":{"line":52,"column":26}},"loc":{"start":{"line":52,"column":57},"end":{"line":57,"column":null}}},"3":{"name":"(anonymous_11)","decl":{"start":{"line":62,"column":2},"end":{"line":62,"column":18}},"loc":{"start":{"line":62,"column":36},"end":{"line":65,"column":3}}},"4":{"name":"(anonymous_12)","decl":{"start":{"line":70,"column":2},"end":{"line":70,"column":13}},"loc":{"start":{"line":70,"column":26},"end":{"line":78,"column":3}}},"5":{"name":"(anonymous_13)","decl":{"start":{"line":83,"column":2},"end":{"line":83,"column":25}},"loc":{"start":{"line":83,"column":40},"end":{"line":94,"column":3}}},"6":{"name":"(anonymous_14)","decl":{"start":{"line":96,"column":2},"end":{"line":96,"column":19}},"loc":{"start":{"line":96,"column":34},"end":{"line":104,"column":3}}},"7":{"name":"(anonymous_15)","decl":{"start":{"line":108,"column":10},"end":{"line":108,"column":19}},"loc":{"start":{"line":108,"column":21},"end":{"line":111,"column":2}}},"8":{"name":"(anonymous_16)","decl":{"start":{"line":108,"column":21},"end":{"line":108,"column":null}},"loc":{"start":{"line":108,"column":21},"end":{"line":111,"column":1}}},"9":{"name":"(anonymous_17)","decl":{"start":{"line":113,"column":9},"end":{"line":113,"column":18}},"loc":{"start":{"line":113,"column":20},"end":{"line":116,"column":2}}},"10":{"name":"(anonymous_18)","decl":{"start":{"line":113,"column":20},"end":{"line":113,"column":null}},"loc":{"start":{"line":113,"column":20},"end":{"line":116,"column":1}}},"11":{"name":"(anonymous_19)","decl":{"start":{"line":118,"column":11},"end":{"line":118,"column":14}},"loc":{"start":{"line":118,"column":16},"end":{"line":122,"column":1}}},"12":{"name":"(anonymous_20)","decl":{"start":{"line":124,"column":10},"end":{"line":124,"column":13}},"loc":{"start":{"line":124,"column":15},"end":{"line":127,"column":1}}}},"branchMap":{"0":{"loc":{"start":{"line":40,"column":19},"end":{"line":40,"column":38}},"type":"default-arg","locations":[{"start":{"line":40,"column":36},"end":{"line":40,"column":38}}]}},"s":{"0":0,"1":0,"2":0,"3":0,"4":0,"5":0,"6":0,"7":0,"8":0,"9":0,"10":0,"11":0,"12":0,"13":0,"14":0,"15":0,"16":0,"17":0,"18":0,"19":0,"20":0,"21":0,"22":0,"23":0,"24":0,"25":0,"26":0,"27":0,"28":0,"29":0,"30":0,"31":0,"32":0,"33":0,"34":0,"35":0,"36":0,"37":0,"38":0,"39":0,"40":0,"41":0,"42":0,"43":0},"f":{"0":0,"1":0,"2":0,"3":0,"4":0,"5":0,"6":0,"7":0,"8":0,"9":0,"10":0,"11":0,"12":0},"b":{"0":[0]}}
,"C:\\Users\\JuanCano\\OneDrive\\Quankey\\QK WebC\\quankey-mvp\\backend\\src\\services\\encryptionService.ts": {"path":"C:\\Users\\JuanCano\\OneDrive\\Quankey\\QK WebC\\quankey-mvp\\backend\\src\\services\\encryptionService.ts","statementMap":{"0":{"start":{"line":2,"column":0},"end":{"line":2,"column":33}},"1":{"start":{"line":3,"column":0},"end":{"line":3,"column":71}},"2":{"start":{"line":56,"column":4},"end":{"line":74,"column":5}},"3":{"start":{"line":57,"column":6},"end":{"line":57,"column":69}},"4":{"start":{"line":59,"column":19},"end":{"line":67,"column":8}},"5":{"start":{"line":69,"column":6},"end":{"line":69,"column":69}},"6":{"start":{"line":70,"column":6},"end":{"line":70,"column":31}},"7":{"start":{"line":72,"column":6},"end":{"line":72,"column":55}},"8":{"start":{"line":73,"column":6},"end":{"line":73,"column":57}},"9":{"start":{"line":93,"column":25},"end":{"line":93,"column":87}},"10":{"start":{"line":95,"column":4},"end":{"line":137,"column":5}},"11":{"start":{"line":96,"column":6},"end":{"line":96,"column":80}},"12":{"start":{"line":99,"column":19},"end":{"line":99,"column":34}},"13":{"start":{"line":102,"column":18},"end":{"line":102,"column":60}},"14":{"start":{"line":105,"column":17},"end":{"line":105,"column":32}},"15":{"start":{"line":108,"column":21},"end":{"line":108,"column":59}},"16":{"start":{"line":110,"column":22},"end":{"line":110,"column":61}},"17":{"start":{"line":111,"column":6},"end":{"line":111,"column":39}},"18":{"start":{"line":113,"column":22},"end":{"line":113,"column":41}},"19":{"start":{"line":116,"column":43},"end":{"line":127,"column":8}},"20":{"start":{"line":130,"column":6},"end":{"line":130,"column":18}},"21":{"start":{"line":132,"column":6},"end":{"line":132,"column":78}},"22":{"start":{"line":133,"column":6},"end":{"line":133,"column":27}},"23":{"start":{"line":135,"column":6},"end":{"line":135,"column":69}},"24":{"start":{"line":136,"column":6},"end":{"line":136,"column":48}},"25":{"start":{"line":151,"column":25},"end":{"line":151,"column":87}},"26":{"start":{"line":153,"column":4},"end":{"line":183,"column":5}},"27":{"start":{"line":154,"column":6},"end":{"line":154,"column":80}},"28":{"start":{"line":157,"column":6},"end":{"line":159,"column":7}},"29":{"start":{"line":158,"column":8},"end":{"line":158,"column":58}},"30":{"start":{"line":162,"column":19},"end":{"line":162,"column":57}},"31":{"start":{"line":163,"column":18},"end":{"line":163,"column":60}},"32":{"start":{"line":165,"column":17},"end":{"line":165,"column":53}},"33":{"start":{"line":166,"column":22},"end":{"line":166,"column":63}},"34":{"start":{"line":169,"column":23},"end":{"line":169,"column":63}},"35":{"start":{"line":170,"column":6},"end":{"line":170,"column":35}},"36":{"start":{"line":172,"column":22},"end":{"line":172,"column":81}},"37":{"start":{"line":173,"column":6},"end":{"line":173,"column":42}},"38":{"start":{"line":176,"column":6},"end":{"line":176,"column":18}},"39":{"start":{"line":178,"column":6},"end":{"line":178,"column":78}},"40":{"start":{"line":179,"column":6},"end":{"line":179,"column":23}},"41":{"start":{"line":181,"column":6},"end":{"line":181,"column":69}},"42":{"start":{"line":182,"column":6},"end":{"line":182,"column":87}},"43":{"start":{"line":194,"column":19},"end":{"line":194,"column":36}},"44":{"start":{"line":198,"column":21},"end":{"line":198,"column":59}},"45":{"start":{"line":199,"column":23},"end":{"line":199,"column":81}},"46":{"start":{"line":201,"column":4},"end":{"line":201,"column":78}},"47":{"start":{"line":202,"column":4},"end":{"line":202,"column":22}},"48":{"start":{"line":209,"column":4},"end":{"line":220,"column":5}},"49":{"start":{"line":210,"column":6},"end":{"line":217,"column":8}},"50":{"start":{"line":219,"column":6},"end":{"line":219,"column":19}},"51":{"start":{"line":230,"column":4},"end":{"line":263,"column":6}},"52":{"start":{"line":35,"column":0},"end":{"line":35,"column":13}},"53":{"start":{"line":36,"column":26},"end":{"line":36,"column":52}},"54":{"start":{"line":37,"column":26},"end":{"line":37,"column":54}},"55":{"start":{"line":38,"column":26},"end":{"line":38,"column":42}}},"fnMap":{"0":{"name":"(anonymous_16)","decl":{"start":{"line":52,"column":10},"end":{"line":52,"column":16}},"loc":{"start":{"line":54,"column":16},"end":{"line":75,"column":null}}},"1":{"name":"(anonymous_18)","decl":{"start":{"line":89,"column":2},"end":{"line":89,"column":8}},"loc":{"start":{"line":91,"column":26},"end":{"line":138,"column":null}}},"2":{"name":"(anonymous_20)","decl":{"start":{"line":147,"column":2},"end":{"line":147,"column":8}},"loc":{"start":{"line":149,"column":26},"end":{"line":184,"column":null}}},"3":{"name":"(anonymous_22)","decl":{"start":{"line":193,"column":2},"end":{"line":193,"column":8}},"loc":{"start":{"line":193,"column":66},"end":{"line":203,"column":3}}},"4":{"name":"(anonymous_23)","decl":{"start":{"line":208,"column":2},"end":{"line":208,"column":8}},"loc":{"start":{"line":208,"column":59},"end":{"line":221,"column":3}}},"5":{"name":"(anonymous_24)","decl":{"start":{"line":229,"column":2},"end":{"line":229,"column":8}},"loc":{"start":{"line":229,"column":24},"end":{"line":264,"column":3}}}},"branchMap":{"0":{"loc":{"start":{"line":157,"column":6},"end":{"line":159,"column":7}},"type":"if","locations":[{"start":{"line":157,"column":6},"end":{"line":159,"column":7}},{"start":{},"end":{}}]},"1":{"loc":{"start":{"line":211,"column":8},"end":{"line":216,"column":69}},"type":"binary-expr","locations":[{"start":{"line":211,"column":8},"end":{"line":211,"column":35}},{"start":{"line":212,"column":8},"end":{"line":212,"column":24}},{"start":{"line":213,"column":8},"end":{"line":213,"column":26}},{"start":{"line":214,"column":8},"end":{"line":214,"column":29}},{"start":{"line":215,"column":8},"end":{"line":215,"column":60}},{"start":{"line":216,"column":8},"end":{"line":216,"column":69}}]},"2":{"loc":{"start":{"line":215,"column":8},"end":{"line":215,"column":41}},"type":"cond-expr","locations":[{"start":{"line":215,"column":30},"end":{"line":215,"column":32}},{"start":{"line":215,"column":30},"end":{"line":215,"column":41}}]},"3":{"loc":{"start":{"line":215,"column":8},"end":{"line":215,"column":32}},"type":"binary-expr","locations":[{"start":{"line":215,"column":8},"end":{"line":215,"column":32}},{"start":{"line":215,"column":30},"end":{"line":215,"column":32}}]},"4":{"loc":{"start":{"line":216,"column":8},"end":{"line":216,"column":45}},"type":"cond-expr","locations":[{"start":{"line":216,"column":30},"end":{"line":216,"column":32}},{"start":{"line":216,"column":30},"end":{"line":216,"column":45}}]},"5":{"loc":{"start":{"line":216,"column":8},"end":{"line":216,"column":32}},"type":"binary-expr","locations":[{"start":{"line":216,"column":8},"end":{"line":216,"column":32}},{"start":{"line":216,"column":30},"end":{"line":216,"column":32}}]}},"s":{"0":3,"1":3,"2":0,"3":0,"4":0,"5":0,"6":0,"7":0,"8":0,"9":0,"10":0,"11":0,"12":0,"13":0,"14":0,"15":0,"16":0,"17":0,"18":0,"19":0,"20":0,"21":0,"22":0,"23":0,"24":0,"25":0,"26":0,"27":0,"28":0,"29":0,"30":0,"31":0,"32":0,"33":0,"34":0,"35":0,"36":0,"37":0,"38":0,"39":0,"40":0,"41":0,"42":0,"43":0,"44":0,"45":0,"46":0,"47":0,"48":0,"49":0,"50":0,"51":0,"52":3,"53":3,"54":3,"55":3},"f":{"0":0,"1":0,"2":0,"3":0,"4":0,"5":0},"b":{"0":[0,0],"1":[0,0,0,0,0,0],"2":[0,0],"3":[0,0],"4":[0,0],"5":[0,0]}}
}
