TN:
SF:src\__tests__\setup.ts
FN:29,(anonymous_7)
FN:40,(anonymous_8)
FN:52,(anonymous_9)
FN:62,(anonymous_11)
FN:70,(anonymous_12)
FN:83,(anonymous_13)
FN:96,(anonymous_14)
FN:108,(anonymous_15)
FN:108,(anonymous_16)
FN:113,(anonymous_17)
FN:113,(anonymous_18)
FN:118,(anonymous_19)
FN:124,(anonymous_20)
FNF:13
FNH:0
FNDA:0,(anonymous_7)
FNDA:0,(anonymous_8)
FNDA:0,(anonymous_9)
FNDA:0,(anonymous_11)
FNDA:0,(anonymous_12)
FNDA:0,(anonymous_13)
FNDA:0,(anonymous_14)
FNDA:0,(anonymous_15)
FNDA:0,(anonymous_16)
FNDA:0,(anonymous_17)
FNDA:0,(anonymous_18)
FNDA:0,(anonymous_19)
FNDA:0,(anonymous_20)
DA:3,0
DA:6,0
DA:9,0
DA:10,0
DA:11,0
DA:14,0
DA:25,0
DA:30,0
DA:41,0
DA:42,0
DA:43,0
DA:44,0
DA:46,0
DA:53,0
DA:54,0
DA:55,0
DA:56,0
DA:63,0
DA:64,0
DA:71,0
DA:72,0
DA:73,0
DA:74,0
DA:82,0
DA:85,0
DA:86,0
DA:88,0
DA:89,0
DA:90,0
DA:93,0
DA:97,0
DA:108,0
DA:110,0
DA:113,0
DA:115,0
DA:118,0
DA:120,0
DA:121,0
DA:124,0
DA:126,0
LF:40
LH:0
BRDA:40,0,0,0
BRF:1
BRH:0
end_of_record
TN:
SF:src\services\encryptionService.ts
FN:52,(anonymous_16)
FN:89,(anonymous_18)
FN:147,(anonymous_20)
FN:193,(anonymous_22)
FN:208,(anonymous_23)
FN:229,(anonymous_24)
FNF:6
FNH:0
FNDA:0,(anonymous_16)
FNDA:0,(anonymous_18)
FNDA:0,(anonymous_20)
FNDA:0,(anonymous_22)
FNDA:0,(anonymous_23)
FNDA:0,(anonymous_24)
DA:2,3
DA:3,3
DA:35,3
DA:36,3
DA:37,3
DA:38,3
DA:56,0
DA:57,0
DA:59,0
DA:69,0
DA:70,0
DA:72,0
DA:73,0
DA:93,0
DA:95,0
DA:96,0
DA:99,0
DA:102,0
DA:105,0
DA:108,0
DA:110,0
DA:111,0
DA:113,0
DA:116,0
DA:130,0
DA:132,0
DA:133,0
DA:135,0
DA:136,0
DA:151,0
DA:153,0
DA:154,0
DA:157,0
DA:158,0
DA:162,0
DA:163,0
DA:165,0
DA:166,0
DA:169,0
DA:170,0
DA:172,0
DA:173,0
DA:176,0
DA:178,0
DA:179,0
DA:181,0
DA:182,0
DA:194,0
DA:198,0
DA:199,0
DA:201,0
DA:202,0
DA:209,0
DA:210,0
DA:219,0
DA:230,0
LF:56
LH:6
BRDA:157,0,0,0
BRDA:157,0,1,0
BRDA:211,1,0,0
BRDA:211,1,1,0
BRDA:211,1,2,0
BRDA:211,1,3,0
BRDA:211,1,4,0
BRDA:211,1,5,0
BRDA:215,2,0,0
BRDA:215,2,1,0
BRDA:215,3,0,0
BRDA:215,3,1,0
BRDA:216,4,0,0
BRDA:216,4,1,0
BRDA:216,5,0,0
BRDA:216,5,1,0
BRF:16
BRH:0
end_of_record
