TN:
SF:src\__tests__\setup.ts
FN:29,(anonymous_0)
FN:40,(anonymous_1)
FN:52,(anonymous_2)
FN:62,(anonymous_3)
FN:70,(anonymous_4)
FN:83,(anonymous_5)
FN:96,(anonymous_6)
FN:108,(anonymous_7)
FN:113,(anonymous_8)
FN:118,(anonymous_9)
FN:124,(anonymous_10)
FNF:11
FNH:0
FNDA:0,(anonymous_0)
FNDA:0,(anonymous_1)
FNDA:0,(anonymous_2)
FNDA:0,(anonymous_3)
FNDA:0,(anonymous_4)
FNDA:0,(anonymous_5)
FNDA:0,(anonymous_6)
FNDA:0,(anonymous_7)
FNDA:0,(anonymous_8)
FNDA:0,(anonymous_9)
FNDA:0,(anonymous_10)
DA:3,0
DA:6,0
DA:9,0
DA:10,0
DA:11,0
DA:14,0
DA:25,0
DA:30,0
DA:41,0
DA:42,0
DA:43,0
DA:44,0
DA:46,0
DA:53,0
DA:54,0
DA:55,0
DA:56,0
DA:63,0
DA:64,0
DA:71,0
DA:72,0
DA:73,0
DA:74,0
DA:82,0
DA:85,0
DA:86,0
DA:88,0
DA:89,0
DA:90,0
DA:93,0
DA:97,0
DA:108,0
DA:110,0
DA:113,0
DA:115,0
DA:118,0
DA:120,0
DA:121,0
DA:124,0
DA:126,0
LF:40
LH:0
BRDA:40,0,0,0
BRF:1
BRH:0
end_of_record
TN:
SF:src\services\encryptionService.ts
FN:52,(anonymous_9)
FN:89,(anonymous_10)
FN:147,(anonymous_11)
FN:193,(anonymous_12)
FN:208,(anonymous_13)
FN:229,(anonymous_14)
FNF:6
FNH:0
FNDA:0,(anonymous_9)
FNDA:0,(anonymous_10)
FNDA:0,(anonymous_11)
FNDA:0,(anonymous_12)
FNDA:0,(anonymous_13)
FNDA:0,(anonymous_14)
DA:2,1
DA:3,1
DA:35,1
DA:36,1
DA:37,1
DA:38,1
DA:56,0
DA:57,0
DA:59,0
DA:69,0
DA:70,0
DA:72,0
DA:73,0
DA:93,0
DA:95,0
DA:96,0
DA:99,0
DA:102,0
DA:105,0
DA:108,0
DA:110,0
DA:111,0
DA:113,0
DA:116,0
DA:130,0
DA:132,0
DA:133,0
DA:135,0
DA:136,0
DA:151,0
DA:153,0
DA:154,0
DA:157,0
DA:158,0
DA:162,0
DA:163,0
DA:165,0
DA:166,0
DA:169,0
DA:170,0
DA:172,0
DA:173,0
DA:176,0
DA:178,0
DA:179,0
DA:181,0
DA:182,0
DA:194,0
DA:198,0
DA:199,0
DA:201,0
DA:202,0
DA:209,0
DA:210,0
DA:219,0
DA:230,0
LF:56
LH:6
BRDA:157,0,0,0
BRDA:157,0,1,0
BRDA:211,1,0,0
BRDA:211,1,1,0
BRDA:211,1,2,0
BRDA:211,1,3,0
BRDA:211,1,4,0
BRDA:211,1,5,0
BRF:8
BRH:0
end_of_record
